2026-01-08 16:30:58.492 +05:30 [INF] Application started. Press Ctrl+C to shut down.
2026-01-08 16:30:58.549 +05:30 [INF] Request starting HTTP/2.0 GET https://localhost:44302/weatherforecast  
2026-01-08 16:30:58.608 +05:30 [INF] Hosting environment: Development
2026-01-08 16:30:58.612 +05:30 [INF] Content root path: G:\Projects\Handloom\HandloomAPI
2026-01-08 16:30:58.649 +05:30 [INF] Method InvokeAsunc
2026-01-08 16:30:58.650 +05:30 [INF] Method InvokeAsunc - 1
2026-01-08 16:30:59.096 +05:30 [INF] Request finished in 567.0284ms 401 application/json
2026-01-08 16:30:59.236 +05:30 [INF] Request starting HTTP/2.0 GET https://localhost:44302/favicon.ico  
2026-01-08 16:30:59.237 +05:30 [INF] Method InvokeAsunc
2026-01-08 16:30:59.237 +05:30 [INF] Method InvokeAsunc - 1
2026-01-08 16:30:59.241 +05:30 [INF] Request finished in 5.1227ms 401 application/json
2026-01-08 16:31:35.478 +05:30 [INF] Request starting HTTP/1.1 POST https://localhost:44302/api/WooCommerce/Sync_Products  0
2026-01-08 16:31:35.480 +05:30 [INF] Method InvokeAsunc
2026-01-08 16:31:35.481 +05:30 [INF] Method InvokeAsunc - 3
2026-01-08 16:31:35.661 +05:30 [INF] Executing endpoint 'TrabullsAPI.Controllers.WooCommerceController.Sync_Products (HandloomAPI)'
2026-01-08 16:31:35.730 +05:30 [INF] Route matched with {action = "Sync_Products", controller = "WooCommerce"}. Executing controller action with signature Microsoft.AspNetCore.Mvc.IActionResult Sync_Products() on controller TrabullsAPI.Controllers.WooCommerceController (HandloomAPI).
2026-01-08 17:09:52.658 +05:30 [INF] Executing ObjectResult, writing value of type 'TrabullsAPI.APIResult'.
2026-01-08 17:09:52.871 +05:30 [INF] Executed action TrabullsAPI.Controllers.WooCommerceController.Sync_Products (HandloomAPI) in 2297125.1168ms
2026-01-08 17:09:52.880 +05:30 [INF] Executed endpoint 'TrabullsAPI.Controllers.WooCommerceController.Sync_Products (HandloomAPI)'
2026-01-08 17:09:52.881 +05:30 [INF] Request finished in 2297412.3838ms 404 application/json; charset=utf-8
