2026-01-08 14:14:56.672 +05:30 [INF] Application started. Press Ctrl+C to shut down.
2026-01-08 14:14:56.863 +05:30 [INF] Request starting HTTP/2.0 GET https://localhost:44302/weatherforecast  
2026-01-08 14:14:57.172 +05:30 [INF] Hosting environment: Development
2026-01-08 14:14:57.172 +05:30 [INF] Content root path: G:\Projects\Handloom\HandloomAPI
2026-01-08 14:14:58.472 +05:30 [INF] Method InvokeAsunc
2026-01-08 14:14:58.473 +05:30 [INF] Method InvokeAsunc - 1
2026-01-08 14:15:00.300 +05:30 [INF] Request finished in 3522.3398ms 401 application/json
2026-01-08 14:15:02.136 +05:30 [INF] Request starting HTTP/2.0 GET https://localhost:44302/favicon.ico  
2026-01-08 14:15:02.138 +05:30 [INF] Method InvokeAsunc
2026-01-08 14:15:02.143 +05:30 [INF] Method InvokeAsunc - 1
2026-01-08 14:15:02.196 +05:30 [INF] Request finished in 62.2674ms 401 application/json
2026-01-08 14:19:41.288 +05:30 [INF] Request starting HTTP/1.1 GET https://localhost:44302/api/WooCommerce/Sync_Products  
2026-01-08 14:19:41.290 +05:30 [INF] Method InvokeAsunc
2026-01-08 14:19:41.291 +05:30 [INF] Method InvokeAsunc - 3
2026-01-08 14:19:41.567 +05:30 [INF] Executing endpoint '405 HTTP Method Not Supported'
2026-01-08 14:19:41.568 +05:30 [INF] Executed endpoint '405 HTTP Method Not Supported'
2026-01-08 14:19:41.571 +05:30 [INF] Request finished in 283.6868ms 405 
2026-01-08 14:19:57.454 +05:30 [INF] Request starting HTTP/1.1 POST https://localhost:44302/api/WooCommerce/Sync_Products  0
2026-01-08 14:19:57.455 +05:30 [INF] Method InvokeAsunc
2026-01-08 14:19:57.455 +05:30 [INF] Method InvokeAsunc - 3
2026-01-08 14:19:57.465 +05:30 [INF] Executing endpoint 'TrabullsAPI.Controllers.WooCommerceController.Sync_Products (HandloomAPI)'
2026-01-08 14:19:57.528 +05:30 [INF] Route matched with {action = "Sync_Products", controller = "WooCommerce"}. Executing controller action with signature Microsoft.AspNetCore.Mvc.IActionResult Sync_Products() on controller TrabullsAPI.Controllers.WooCommerceController (HandloomAPI).
2026-01-08 14:25:48.679 +05:30 [INF] Executing ObjectResult, writing value of type '<>f__AnonymousType0`3[[System.Boolean, System.Private.CoreLib, Version=4.0.0.0, Culture=neutral, PublicKeyToken=7cec85d7bea7798e],[System.String, System.Private.CoreLib, Version=4.0.0.0, Culture=neutral, PublicKeyToken=7cec85d7bea7798e],[System.Int32, System.Private.CoreLib, Version=4.0.0.0, Culture=neutral, PublicKeyToken=7cec85d7bea7798e]]'.
2026-01-08 14:25:49.102 +05:30 [INF] Executed action TrabullsAPI.Controllers.WooCommerceController.Sync_Products (HandloomAPI) in 351556.7885ms
2026-01-08 14:25:49.110 +05:30 [INF] Executed endpoint 'TrabullsAPI.Controllers.WooCommerceController.Sync_Products (HandloomAPI)'
2026-01-08 14:25:49.111 +05:30 [INF] Request finished in 351660.9154ms 200 application/json; charset=utf-8
