2026-01-09 21:42:37.446 +05:30 [INF] Application started. Press Ctrl+C to shut down.
2026-01-09 21:42:37.552 +05:30 [INF] Request starting HTTP/2.0 GET https://localhost:44302/weatherforecast  
2026-01-09 21:42:37.672 +05:30 [INF] Hosting environment: Development
2026-01-09 21:42:37.673 +05:30 [INF] Content root path: G:\Projects\Handloom\HandloomAPI
2026-01-09 21:42:37.791 +05:30 [INF] Method InvokeAsunc
2026-01-09 21:42:37.792 +05:30 [INF] Method InvokeAsunc - 1
2026-01-09 21:42:38.911 +05:30 [INF] Request finished in 1388.9865ms 401 application/json
2026-01-09 21:42:39.290 +05:30 [INF] Request starting HTTP/2.0 GET https://localhost:44302/favicon.ico  
2026-01-09 21:42:39.290 +05:30 [INF] Method InvokeAsunc
2026-01-09 21:42:39.307 +05:30 [INF] Method InvokeAsunc - 1
2026-01-09 21:42:39.374 +05:30 [INF] Request finished in 84.5963ms 401 application/json
2026-01-09 21:48:09.622 +05:30 [INF] Request starting HTTP/1.1 POST https://localhost:44302/api/WooCommerce/Sync_Products  0
2026-01-09 21:48:09.624 +05:30 [INF] Method InvokeAsunc
2026-01-09 21:48:09.624 +05:30 [INF] Method InvokeAsunc - 3
2026-01-09 21:48:09.862 +05:30 [INF] Executing endpoint 'TrabullsAPI.Controllers.WooCommerceController.Sync_Products (HandloomAPI)'
2026-01-09 21:48:09.931 +05:30 [INF] Route matched with {action = "Sync_Products", controller = "WooCommerce"}. Executing controller action with signature Microsoft.AspNetCore.Mvc.IActionResult Sync_Products() on controller TrabullsAPI.Controllers.WooCommerceController (HandloomAPI).
2026-01-09 22:36:39.647 +05:30 [INF] Executing ObjectResult, writing value of type '<>f__AnonymousType0`3[[System.Boolean, System.Private.CoreLib, Version=4.0.0.0, Culture=neutral, PublicKeyToken=7cec85d7bea7798e],[System.String, System.Private.CoreLib, Version=4.0.0.0, Culture=neutral, PublicKeyToken=7cec85d7bea7798e],[System.Int32, System.Private.CoreLib, Version=4.0.0.0, Culture=neutral, PublicKeyToken=7cec85d7bea7798e]]'.
2026-01-09 22:36:39.923 +05:30 [INF] Executed action TrabullsAPI.Controllers.WooCommerceController.Sync_Products (HandloomAPI) in 2909998.205ms
2026-01-09 22:36:39.927 +05:30 [INF] Executed endpoint 'TrabullsAPI.Controllers.WooCommerceController.Sync_Products (HandloomAPI)'
2026-01-09 22:36:39.928 +05:30 [INF] Request finished in 2910330.4865ms 200 application/json; charset=utf-8
